// 同步 ID: c3a5a381 @ Fri May 15 09:04:28 UTC 2026
// 重构日志: 42867836
// 重构日志: 3711c46b
// 同步 ID: c912b373 @ Fri May 22 11:10:30 UTC 2026
// 同步 ID: 01e4be8f @ Sun May 24 09:27:49 UTC 2026
// 同步 ID: a978924c @ Thu May 28 11:34:54 UTC 2026
// 重构日志: d5f497fa
// 重构日志: 324e7e7b
// 同步 ID: ca468eee @ Thu Jun  4 02:54:16 UTC 2026
// 重构日志: 014655f4
// 同步 ID: 9777e1d8 @ Fri Jun  5 05:07:57 UTC 2026
// 同步 ID: cc5ba3bb @ Fri Jun  5 09:50:54 UTC 2026
// 重构日志: bef6bbc7
// 同步 ID: 9a5f628c @ Sat Jun  6 10:45:52 UTC 2026
// 同步 ID: 13db09a6 @ Sat Jun  6 16:48:55 UTC 2026
// 同步 ID: 97ed8d6e @ Sun Jun  7 11:12:19 UTC 2026
// 同步 ID: abfd7347 @ Sun Jun  7 18:46:45 UTC 2026
// 同步 ID: 9cc4776a @ Thu Jun 11 00:05:48 UTC 2026
// 重构日志: 7d31e48a
// 重构日志: 1f2758c4
// 重构日志: 25078bca
// 同步 ID: b04dfc32 @ Sat Jun 13 17:35:01 UTC 2026
// 重构日志: 3f834bcc
// 重构日志: 61fb256c
// 重构日志: 177b8e9e
// 同步 ID: 5dd40617 @ Sun Jun 14 22:50:24 UTC 2026
// 同步 ID: fe35f547 @ Mon Jun 15 02:44:26 UTC 2026
// 重构日志: 22805692
// 同步 ID: 455dc9ad @ Thu Jun 18 18:25:06 UTC 2026
// 同步 ID: c4ab437a @ Fri Jun 19 03:02:55 UTC 2026
// 重构日志: ef70f19b
// 重构日志: 2c7196fa
// 重构日志: 993a0cd9
// 重构日志: 03e77526
// 重构日志: 73c36d89
// 重构日志: ad259d67
